<?xml version="1.0" encoding="UTF-8"?>
<!-- Generated by org.testng.reporters.JUnitReportReporter -->
<testsuite hostname="LAPTOP-RCPMOUGF" failures="0" tests="1" name="testBase.TC001AccountRegistrationTest" time="3.040" errors="0" timestamp="2024-12-31T18:02:59 IST" skipped="0">
  <testcase classname="testBase.TC001AccountRegistrationTest" name="verify_Account_registration" time="3.040"/>
</testsuite> <!-- testBase.TC001AccountRegistrationTest -->
