<?xml version="1.0" encoding="UTF-8"?>
<!-- Generated by org.testng.reporters.JUnitReportReporter -->
<testsuite hostname="LAPTOP-RCPMOUGF" failures="0" tests="3" name="testCase.TC001AccountRegistrationTest" time="20.419" errors="0" timestamp="2025-02-07T19:36:17 IST" skipped="0">
  <testcase classname="testCase.TC001AccountRegistrationTest" name="verify_Account_registration" time="5.977"/>
  <testcase classname="testCase.TC001AccountRegistrationTest" name="verify_Account_registration" time="5.495"/>
  <testcase classname="testCase.TC001AccountRegistrationTest" name="verify_Account_registration" time="8.947"/>
</testsuite> <!-- testCase.TC001AccountRegistrationTest -->
